<!DOCTYPE html PUBLIC "-//W3C//DTD XHTML 1.1//EN" "https://www.w3.org/TR/xhtml11/DTD/xhtml11.dtd">
<html xmlns="https://www.w3.org/1999/xhtml">
<head>
<meta http-equiv="content-type" content="text/html; charset=UTF-8"/>
<title>TestNG Report</title>
<style type="text/css">table {margin-bottom:10px;border-collapse:collapse;empty-cells:show}th,td {border:1px solid #009;padding:.25em .5em}th {vertical-align:bottom}td {vertical-align:top}table a {font-weight:bold}.stripe td {background-color: #E6EBF9}.num {text-align:right}.passedodd td {background-color: #3F3}.passedeven td {background-color: #0A0}.skippedodd td {background-color: #DDD}.skippedeven td {background-color: #CCC}.failedodd td,.attn {background-color: #F33}.failedeven td,.stripe .attn {background-color: #D00}.stacktrace {white-space:pre;font-family:monospace}.totop {font-size:85%;text-align:center;border-bottom:2px solid #000}.invisible {display:none}</style>
</head>
<body>
<table>
<tr><th>Test</th><th># Passed</th><th># Skipped</th><th># Retried</th><th># Failed</th><th>Time (ms)</th><th>Included Groups</th><th>Excluded Groups</th></tr>
<tr><th colspan="8">DeomSuite</th></tr>
<tr><td><a href="#t0">LoginTest</a></td><td class="num">1</td><td class="num">0</td><td class="num">0</td><td class="num">0</td><td class="num">26,265</td><td></td><td></td></tr>
<tr class="stripe"><td><a href="#t1">LoginTestInvalidID</a></td><td class="num">0</td><td class="num">0</td><td class="num">0</td><td class="num attn">1</td><td class="num">26,441</td><td></td><td></td></tr>
<tr><td><a href="#t2">LoginDDT</a></td><td class="num">4</td><td class="num">0</td><td class="num">0</td><td class="num">0</td><td class="num">24,160</td><td></td><td></td></tr>
<tr class="stripe"><td><a href="#t3">Admin System User Search</a></td><td class="num">1</td><td class="num">0</td><td class="num">0</td><td class="num">0</td><td class="num">33,039</td><td></td><td></td></tr>
<tr><td><a href="#t4">Add Employee</a></td><td class="num">0</td><td class="num">0</td><td class="num">0</td><td class="num attn">1</td><td class="num">41,323</td><td></td><td></td></tr>
<tr class="stripe"><td><a href="#t5">Administrator Login Test</a></td><td class="num">1</td><td class="num">0</td><td class="num">0</td><td class="num">0</td><td class="num">55,174</td><td></td><td></td></tr>
<tr><th>Total</th><th class="num">7</th><th class="num">0</th><th class="num">0</th><th class="num attn">2</th><th class="num">206,402</th><th colspan="2"></th></tr>
</table>
<table id='summary'><thead><tr><th>Class</th><th>Method</th><th>Start</th><th>Time (ms)</th></tr></thead><tbody><tr><th colspan="4">DeomSuite</th></tr></tbody><tbody id="t0"><tr><th colspan="4">LoginTest &#8212; passed</th></tr><tr class="passedeven"><td rowspan="1">testsLayer.LoginPageTest</td><td><a href="#m0">loginTestValidIDPass</a></td><td rowspan="1">1719239422880</td><td rowspan="1">3310</td></tr></tbody>
<tbody id="t1"><tr><th colspan="4">LoginTestInvalidID &#8212; failed (configuration methods)</th></tr><tr class="failedeven"><td rowspan="1">testsLayer.LoginTestInvalidID</td><td><a href="#m1">captureScreenshotOnFailure</a></td><td rowspan="1">1719239422296</td><td rowspan="1">9643</td></tr><tr><th colspan="4">LoginTestInvalidID &#8212; failed</th></tr><tr class="failedeven"><td rowspan="1">testsLayer.LoginTestInvalidID</td><td><a href="#m2">loginTestInValidIDPass</a></td><td rowspan="1">1719239419925</td><td rowspan="1">2354</td></tr></tbody>
<tbody id="t2"><tr><th colspan="4">LoginDDT &#8212; passed</th></tr><tr class="passedeven"><td rowspan="4">testsLayer.LoginDDT</td><td><a href="#m3">loginTestValidIDPass</a></td><td rowspan="4">1719239448133</td><td rowspan="4">1971</td></tr><tr class="passedeven"><td><a href="#m4">loginTestValidIDPass</a></td></tr><tr class="passedeven"><td><a href="#m5">loginTestValidIDPass</a></td></tr><tr class="passedeven"><td><a href="#m6">loginTestValidIDPass</a></td></tr></tbody>
<tbody id="t3"><tr><th colspan="4">Admin System User Search &#8212; passed</th></tr><tr class="passedeven"><td rowspan="1">testsLayer.AdminSystemUserSearch</td><td><a href="#m7">test</a></td><td rowspan="1">1719239448173</td><td rowspan="1">7186</td></tr></tbody>
<tbody id="t4"><tr><th colspan="4">Add Employee &#8212; failed</th></tr><tr class="failedeven"><td rowspan="1">testsLayer.AddEmploy</td><td><a href="#m8">AddEmployeeTest</a></td><td rowspan="1">1719239479555</td><td rowspan="1">16975</td></tr></tbody>
<tbody id="t5"><tr><th colspan="4">Administrator Login Test &#8212; passed</th></tr><tr class="passedeven"><td rowspan="1">testsLayer.AdministratorLoginTest</td><td><a href="#m9">loginTestValidIDPass</a></td><td rowspan="1">1719239473695</td><td rowspan="1">37221</td></tr></tbody>
</table>
<h2>LoginTest</h2><h3 id="m0">testsLayer.LoginPageTest#loginTestValidIDPass</h3><table class="result"><tr><th class="invisible"/></tr></table><p class="totop"><a href="#summary">back to summary</a></p>
<h2>LoginTestInvalidID</h2><h3 id="m1">testsLayer.LoginTestInvalidID#captureScreenshotOnFailure</h3><table class="result"><tr class="param"><th>Parameter #1</th></tr><tr class="param stripe"><td>[TestResult name=loginTestInValidIDPass status=FAILURE method=LoginTestInvalidID.loginTestInValidIDPass()[pri:0, instance:testsLayer.LoginTestInvalidID@5a59ca5e] output={null}]</td></tr><tr><th>Exception</th></tr><tr><td><div class="stacktrace">com.microsoft.playwright.PlaywrightException: Error {
  message=&apos;Target page, context or browser has been closed
  name=&apos;TargetClosedError
  stack=&apos;TargetClosedError:Target page, context or browser has been closed
Error
    at captureRawStack (C:\Users\ADMIN\AppData\Local\Temp\playwright-java-1036034859044001197\package\lib\utils\stackTrace.js:50:17)
    at LongStandingScope._race (C:\Users\ADMIN\AppData\Local\Temp\playwright-java-1036034859044001197\package\lib\utils\manualPromise.js:91:52)
    at LongStandingScope.race (C:\Users\ADMIN\AppData\Local\Temp\playwright-java-1036034859044001197\package\lib\utils\manualPromise.js:84:17)
    at PageDispatcher._handleCommand (C:\Users\ADMIN\AppData\Local\Temp\playwright-java-1036034859044001197\package\lib\server\dispatchers\dispatcher.js:96:36)
    at DispatcherConnection.dispatch (C:\Users\ADMIN\AppData\Local\Temp\playwright-java-1036034859044001197\package\lib\server\dispatchers\dispatcher.js:362:39)
}
Call log:
- taking page screenshot
- waiting for fonts to load...
- fonts loaded

	at com.microsoft.playwright.impl.WaitableResult.get(WaitableResult.java:54)
	at com.microsoft.playwright.impl.ChannelOwner.runUntil(ChannelOwner.java:120)
	at com.microsoft.playwright.impl.Connection.sendMessage(Connection.java:129)
	at com.microsoft.playwright.impl.ChannelOwner.sendMessage(ChannelOwner.java:106)
	at com.microsoft.playwright.impl.PageImpl.screenshotImpl(PageImpl.java:1094)
	at com.microsoft.playwright.impl.PageImpl.lambda$screenshot$65(PageImpl.java:1038)
	at com.microsoft.playwright.impl.LoggingSupport.withLogging(LoggingSupport.java:47)
	at com.microsoft.playwright.impl.ChannelOwner.withLogging(ChannelOwner.java:89)
	at com.microsoft.playwright.impl.PageImpl.screenshot(PageImpl.java:1038)
	at baseTest.BaseTestWeb.captureSS(BaseTestWeb.java:170)
	at baseTest.BaseTestWeb.captureScreenshotOnFailure(BaseTestWeb.java:142)
	at java.base/java.util.ArrayList.forEach(ArrayList.java:1511)
	at java.base/java.util.concurrent.FutureTask.run(FutureTask.java:317)
	at java.base/java.util.concurrent.ThreadPoolExecutor.runWorker(ThreadPoolExecutor.java:1144)
	at java.base/java.util.concurrent.ThreadPoolExecutor$Worker.run(ThreadPoolExecutor.java:642)
	at java.base/java.lang.Thread.run(Thread.java:1589)
Caused by: com.microsoft.playwright.impl.TargetClosedError: Error {
  message=&apos;Target page, context or browser has been closed
  name=&apos;TargetClosedError
  stack=&apos;TargetClosedError:Target page, context or browser has been closed
Error
    at captureRawStack (C:\Users\ADMIN\AppData\Local\Temp\playwright-java-1036034859044001197\package\lib\utils\stackTrace.js:50:17)
    at LongStandingScope._race (C:\Users\ADMIN\AppData\Local\Temp\playwright-java-1036034859044001197\package\lib\utils\manualPromise.js:91:52)
    at LongStandingScope.race (C:\Users\ADMIN\AppData\Local\Temp\playwright-java-1036034859044001197\package\lib\utils\manualPromise.js:84:17)
    at PageDispatcher._handleCommand (C:\Users\ADMIN\AppData\Local\Temp\playwright-java-1036034859044001197\package\lib\server\dispatchers\dispatcher.js:96:36)
    at DispatcherConnection.dispatch (C:\Users\ADMIN\AppData\Local\Temp\playwright-java-1036034859044001197\package\lib\server\dispatchers\dispatcher.js:362:39)
}
Call log:
- taking page screenshot
- waiting for fonts to load...
- fonts loaded

	at com.microsoft.playwright.impl.Connection.dispatch(Connection.java:256)
	at com.microsoft.playwright.impl.Connection.processOneMessage(Connection.java:209)
	at com.microsoft.playwright.impl.ChannelOwner.runUntil(ChannelOwner.java:118)
	at com.microsoft.playwright.impl.Connection.sendMessage(Connection.java:129)
	at com.microsoft.playwright.impl.ChannelOwner.sendMessage(ChannelOwner.java:106)
	at com.microsoft.playwright.impl.ChannelOwner.sendMessage(ChannelOwner.java:101)
	at com.microsoft.playwright.impl.BrowserImpl.closeImpl(BrowserImpl.java:89)
	at com.microsoft.playwright.impl.BrowserImpl.lambda$close$0(BrowserImpl.java:72)
	at com.microsoft.playwright.impl.LoggingSupport.lambda$withLogging$0(LoggingSupport.java:36)
	at com.microsoft.playwright.impl.LoggingSupport.withLogging(LoggingSupport.java:47)
	at com.microsoft.playwright.impl.ChannelOwner.withLogging(ChannelOwner.java:89)
	at com.microsoft.playwright.impl.LoggingSupport.withLogging(LoggingSupport.java:35)
	at com.microsoft.playwright.impl.BrowserImpl.close(BrowserImpl.java:72)
	at com.microsoft.playwright.Browser.close(Browser.java:1183)
	at baseTest.BaseTestWeb.tearDown(BaseTestWeb.java:133)
	... 7 more
... Removed 29 stack frames</div></td></tr></table><p class="totop"><a href="#summary">back to summary</a></p>
<h3 id="m2">testsLayer.LoginTestInvalidID#loginTestInValidIDPass</h3><table class="result"><tr><th>Exception</th></tr><tr><td><div class="stacktrace">java.lang.AssertionError: expected [true] but found [false]
	at testsLayer.LoginTestInvalidID.loginTestInValidIDPass(LoginTestInvalidID.java:34)
	at java.base/java.util.ArrayList.forEach(ArrayList.java:1511)
	at java.base/java.util.concurrent.FutureTask.run(FutureTask.java:317)
	at java.base/java.util.concurrent.ThreadPoolExecutor.runWorker(ThreadPoolExecutor.java:1144)
	at java.base/java.util.concurrent.ThreadPoolExecutor$Worker.run(ThreadPoolExecutor.java:642)
	at java.base/java.lang.Thread.run(Thread.java:1589)
... Removed 19 stack frames</div></td></tr></table><p class="totop"><a href="#summary">back to summary</a></p>
<h2>LoginDDT</h2><h3 id="m3">testsLayer.LoginDDT#loginTestValidIDPass</h3><table class="result"><tr class="param"><th>Parameter #1</th><th>Parameter #2</th><th>Parameter #3</th><th>Parameter #4</th></tr><tr class="param stripe"><td>Admin</td><td>admin</td><td>login</td><td>Valid ID Invalid Pass</td></tr></table><p class="totop"><a href="#summary">back to summary</a></p>
<h3 id="m4">testsLayer.LoginDDT#loginTestValidIDPass</h3><table class="result"><tr class="param"><th>Parameter #1</th><th>Parameter #2</th><th>Parameter #3</th><th>Parameter #4</th></tr><tr class="param stripe"><td>Admin</td><td>admin123</td><td>dashboard</td><td>Valid ID and Pass</td></tr></table><p class="totop"><a href="#summary">back to summary</a></p>
<h3 id="m5">testsLayer.LoginDDT#loginTestValidIDPass</h3><table class="result"><tr class="param"><th>Parameter #1</th><th>Parameter #2</th><th>Parameter #3</th><th>Parameter #4</th></tr><tr class="param stripe"><td>AAAA</td><td>admin123</td><td>login</td><td>Invalid ID Valid Pass</td></tr></table><p class="totop"><a href="#summary">back to summary</a></p>
<h3 id="m6">testsLayer.LoginDDT#loginTestValidIDPass</h3><table class="result"><tr class="param"><th>Parameter #1</th><th>Parameter #2</th><th>Parameter #3</th><th>Parameter #4</th></tr><tr class="param stripe"><td>Admina</td><td>Admina</td><td>login</td><td>Invalid ID and Pass</td></tr></table><p class="totop"><a href="#summary">back to summary</a></p>
<h2>Admin System User Search</h2><h3 id="m7">testsLayer.AdminSystemUserSearch#test</h3><table class="result"><tr><th class="invisible"/></tr></table><p class="totop"><a href="#summary">back to summary</a></p>
<h2>Add Employee</h2><h3 id="m8">testsLayer.AddEmploy#AddEmployeeTest</h3><table class="result"><tr><th>Exception</th></tr><tr><td><div class="stacktrace">java.lang.AssertionError: expected [true] but found [false]
	at testsLayer.AddEmploy.AddEmployeeTest(AddEmploy.java:39)
	at java.base/java.util.ArrayList.forEach(ArrayList.java:1511)
	at java.base/java.util.concurrent.FutureTask.run(FutureTask.java:317)
	at java.base/java.util.concurrent.ThreadPoolExecutor.runWorker(ThreadPoolExecutor.java:1144)
	at java.base/java.util.concurrent.ThreadPoolExecutor$Worker.run(ThreadPoolExecutor.java:642)
	at java.base/java.lang.Thread.run(Thread.java:1589)
... Removed 19 stack frames</div></td></tr></table><p class="totop"><a href="#summary">back to summary</a></p>
<h2>Administrator Login Test</h2><h3 id="m9">testsLayer.AdministratorLoginTest#loginTestValidIDPass</h3><table class="result"><tr><th class="invisible"/></tr></table><p class="totop"><a href="#summary">back to summary</a></p>
</body>
</html>
