<?xml version="1.0" encoding="UTF-8"?>
<testng-results ignored="0" total="3" passed="2" failed="1" skipped="0">
  <reporter-output>
  </reporter-output>
  <suite started-at="2024-06-19T14:07:58 IST" name="DeomSuite" finished-at="2024-06-19T14:08:52 IST" duration-ms="53858">
    <groups>
    </groups>
    <test started-at="2024-06-19T14:07:58 IST" name="LoginTest" finished-at="2024-06-19T14:08:18 IST" duration-ms="20524">
      <class name="tests.LoginPageTest">
        <test-method is-config="true" signature="setup(java.lang.String)[pri:0, instance:tests.LoginPageTest@7ce026d3]" started-at="2024-06-19T14:07:58 IST" name="setup" finished-at="2024-06-19T14:08:16 IST" duration-ms="17864" status="PASS">
          <params>
            <param index="0">
              <value>
                <![CDATA[chrome]]>
              </value>
            </param>
          </params>
          <reporter-output>
          </reporter-output>
        </test-method> <!-- setup -->
        <test-method signature="loginTestValidIDPass()[pri:0, instance:tests.LoginPageTest@7ce026d3]" started-at="2024-06-19T14:08:16 IST" name="loginTestValidIDPass" finished-at="2024-06-19T14:08:17 IST" duration-ms="1533" status="PASS">
          <reporter-output>
          </reporter-output>
        </test-method> <!-- loginTestValidIDPass -->
        <test-method is-config="true" signature="captureScreenshotOnFailure(org.testng.ITestResult)[pri:0, instance:tests.LoginPageTest@7ce026d3]" started-at="2024-06-19T14:08:17 IST" name="captureScreenshotOnFailure" finished-at="2024-06-19T14:08:17 IST" duration-ms="3" status="PASS">
          <params>
            <param index="0">
              <value>
                <![CDATA[[TestResult name=loginTestValidIDPass status=SUCCESS method=LoginPageTest.loginTestValidIDPass()[pri:0, instance:tests.LoginPageTest@7ce026d3] output={null}]]]>
              </value>
            </param>
          </params>
          <reporter-output>
          </reporter-output>
        </test-method> <!-- captureScreenshotOnFailure -->
        <test-method is-config="true" signature="tearDown()[pri:0, instance:tests.LoginPageTest@7ce026d3]" started-at="2024-06-19T14:08:17 IST" name="tearDown" finished-at="2024-06-19T14:08:18 IST" duration-ms="1061" status="PASS">
          <reporter-output>
          </reporter-output>
        </test-method> <!-- tearDown -->
      </class> <!-- tests.LoginPageTest -->
    </test> <!-- LoginTest -->
    <test started-at="2024-06-19T14:08:19 IST" name="LoginTestInvalidID" finished-at="2024-06-19T14:08:35 IST" duration-ms="16513">
      <class name="tests.LoginTestInvalidID">
        <test-method is-config="true" signature="setup(java.lang.String)[pri:0, instance:tests.LoginTestInvalidID@70cf32e3]" started-at="2024-06-19T14:08:19 IST" name="setup" finished-at="2024-06-19T14:08:29 IST" duration-ms="10296" status="PASS">
          <params>
            <param index="0">
              <value>
                <![CDATA[chrome]]>
              </value>
            </param>
          </params>
          <reporter-output>
          </reporter-output>
        </test-method> <!-- setup -->
        <test-method signature="loginTestInValidIDPass()[pri:0, instance:tests.LoginTestInvalidID@70cf32e3]" started-at="2024-06-19T14:08:29 IST" name="loginTestInValidIDPass" finished-at="2024-06-19T14:08:31 IST" duration-ms="2602" status="FAIL">
          <exception class="java.lang.AssertionError">
            <message>
              <![CDATA[expected [true] but found [false]]]>
            </message>
            <full-stacktrace>
              <![CDATA[java.lang.AssertionError: expected [true] but found [false]
at org.testng.Assert.fail(Assert.java:111)
at org.testng.Assert.failNotEquals(Assert.java:1578)
at org.testng.Assert.assertTrue(Assert.java:57)
at org.testng.Assert.assertTrue(Assert.java:67)
at tests.LoginTestInvalidID.loginTestInValidIDPass(LoginTestInvalidID.java:37)
at java.base/jdk.internal.reflect.DirectMethodHandleAccessor.invoke(DirectMethodHandleAccessor.java:104)
at java.base/java.lang.reflect.Method.invoke(Method.java:578)
at org.testng.internal.invokers.MethodInvocationHelper.invokeMethod(MethodInvocationHelper.java:139)
at org.testng.internal.invokers.TestInvoker.invokeMethod(TestInvoker.java:664)
at org.testng.internal.invokers.TestInvoker.invokeTestMethod(TestInvoker.java:228)
at org.testng.internal.invokers.MethodRunner.runInSequence(MethodRunner.java:63)
at org.testng.internal.invokers.TestInvoker$MethodInvocationAgent.invoke(TestInvoker.java:961)
at org.testng.internal.invokers.TestInvoker.invokeTestMethods(TestInvoker.java:201)
at org.testng.internal.invokers.TestMethodWorker.invokeTestMethods(TestMethodWorker.java:148)
at org.testng.internal.invokers.TestMethodWorker.run(TestMethodWorker.java:128)
at java.base/java.util.ArrayList.forEach(ArrayList.java:1511)
at org.testng.TestRunner.privateRun(TestRunner.java:819)
at org.testng.TestRunner.run(TestRunner.java:619)
at org.testng.SuiteRunner.runTest(SuiteRunner.java:443)
at org.testng.SuiteRunner.runSequentially(SuiteRunner.java:437)
at org.testng.SuiteRunner.privateRun(SuiteRunner.java:397)
at org.testng.SuiteRunner.run(SuiteRunner.java:336)
at org.testng.SuiteRunnerWorker.runSuite(SuiteRunnerWorker.java:52)
at org.testng.SuiteRunnerWorker.run(SuiteRunnerWorker.java:95)
at org.testng.TestNG.runSuitesSequentially(TestNG.java:1301)
at org.testng.TestNG.runSuitesLocally(TestNG.java:1228)
at org.testng.TestNG.runSuites(TestNG.java:1134)
at org.testng.TestNG.run(TestNG.java:1101)
at org.testng.remote.AbstractRemoteTestNG.run(AbstractRemoteTestNG.java:115)
at org.testng.remote.RemoteTestNG.initAndRun(RemoteTestNG.java:293)
at org.testng.remote.RemoteTestNG.main(RemoteTestNG.java:91)
]]>
            </full-stacktrace>
          </exception> <!-- java.lang.AssertionError -->
          <reporter-output>
          </reporter-output>
        </test-method> <!-- loginTestInValidIDPass -->
        <test-method is-config="true" signature="captureScreenshotOnFailure(org.testng.ITestResult)[pri:0, instance:tests.LoginTestInvalidID@70cf32e3]" started-at="2024-06-19T14:08:31 IST" name="captureScreenshotOnFailure" finished-at="2024-06-19T14:08:34 IST" duration-ms="2551" status="PASS">
          <params>
            <param index="0">
              <value>
                <![CDATA[[TestResult name=loginTestInValidIDPass status=FAILURE method=LoginTestInvalidID.loginTestInValidIDPass()[pri:0, instance:tests.LoginTestInvalidID@70cf32e3] output={null}]]]>
              </value>
            </param>
          </params>
          <reporter-output>
          </reporter-output>
        </test-method> <!-- captureScreenshotOnFailure -->
        <test-method is-config="true" signature="tearDown()[pri:0, instance:tests.LoginTestInvalidID@70cf32e3]" started-at="2024-06-19T14:08:34 IST" name="tearDown" finished-at="2024-06-19T14:08:35 IST" duration-ms="1051" status="PASS">
          <reporter-output>
          </reporter-output>
        </test-method> <!-- tearDown -->
      </class> <!-- tests.LoginTestInvalidID -->
    </test> <!-- LoginTestInvalidID -->
    <test started-at="2024-06-19T14:08:35 IST" name="LoginAdministrator" finished-at="2024-06-19T14:08:52 IST" duration-ms="16745">
      <class name="tests.AdministratorLoginTest">
        <test-method is-config="true" signature="setupSuite(java.lang.String)[pri:0, instance:tests.AdministratorLoginTest@6c4906d3]" started-at="2024-06-19T14:07:57 IST" name="setupSuite" finished-at="2024-06-19T14:07:58 IST" duration-ms="799" status="PASS">
          <params>
            <param index="0">
              <value>
                <![CDATA[chrome]]>
              </value>
            </param>
          </params>
          <reporter-output>
          </reporter-output>
        </test-method> <!-- setupSuite -->
        <test-method is-config="true" signature="setup(java.lang.String)[pri:0, instance:tests.AdministratorLoginTest@6c4906d3]" started-at="2024-06-19T14:08:35 IST" name="setup" finished-at="2024-06-19T14:08:44 IST" duration-ms="8916" status="PASS">
          <params>
            <param index="0">
              <value>
                <![CDATA[chrome]]>
              </value>
            </param>
          </params>
          <reporter-output>
          </reporter-output>
        </test-method> <!-- setup -->
        <test-method signature="loginTestValidIDPass()[pri:0, instance:tests.AdministratorLoginTest@6c4906d3]" started-at="2024-06-19T14:08:44 IST" name="loginTestValidIDPass" finished-at="2024-06-19T14:08:51 IST" duration-ms="6794" status="PASS">
          <reporter-output>
          </reporter-output>
        </test-method> <!-- loginTestValidIDPass -->
        <test-method is-config="true" signature="captureScreenshotOnFailure(org.testng.ITestResult)[pri:0, instance:tests.AdministratorLoginTest@6c4906d3]" started-at="2024-06-19T14:08:51 IST" name="captureScreenshotOnFailure" finished-at="2024-06-19T14:08:51 IST" duration-ms="1" status="PASS">
          <params>
            <param index="0">
              <value>
                <![CDATA[[TestResult name=loginTestValidIDPass status=SUCCESS method=AdministratorLoginTest.loginTestValidIDPass()[pri:0, instance:tests.AdministratorLoginTest@6c4906d3] output={null}]]]>
              </value>
            </param>
          </params>
          <reporter-output>
          </reporter-output>
        </test-method> <!-- captureScreenshotOnFailure -->
        <test-method is-config="true" signature="tearDown()[pri:0, instance:tests.AdministratorLoginTest@6c4906d3]" started-at="2024-06-19T14:08:51 IST" name="tearDown" finished-at="2024-06-19T14:08:52 IST" duration-ms="1024" status="PASS">
          <reporter-output>
          </reporter-output>
        </test-method> <!-- tearDown -->
        <test-method is-config="true" signature="tearDownSuite()[pri:0, instance:tests.AdministratorLoginTest@6c4906d3]" started-at="2024-06-19T14:08:52 IST" name="tearDownSuite" finished-at="2024-06-19T14:08:52 IST" duration-ms="572" status="PASS">
          <reporter-output>
          </reporter-output>
        </test-method> <!-- tearDownSuite -->
      </class> <!-- tests.AdministratorLoginTest -->
    </test> <!-- LoginAdministrator -->
  </suite> <!-- DeomSuite -->
</testng-results>
